<?xml version="1.0" encoding="UTF-8"?>
<testng-results ignored="0" total="1" passed="1" failed="0" skipped="0">
  <reporter-output>
  </reporter-output>
  <suite started-at="2022-05-16T20:27:13 PDT" name="Default suite" finished-at="2022-05-16T20:27:21 PDT" duration-ms="7945">
    <groups>
    </groups>
    <test started-at="2022-05-16T20:27:13 PDT" name="Default test" finished-at="2022-05-16T20:27:21 PDT" duration-ms="7945">
      <class name="com.testNG.testNgAmazon">
        <test-method is-config="true" signature="beforeSuite()[pri:0, instance:com.testNG.testNgAmazon@6adbc9d]" started-at="2022-05-16T20:27:13 PDT" name="beforeSuite" finished-at="2022-05-16T20:27:13 PDT" duration-ms="9" status="PASS">
          <reporter-output>
          </reporter-output>
        </test-method> <!-- beforeSuite -->
        <test-method is-config="true" signature="beforeTest()[pri:0, instance:com.testNG.testNgAmazon@6adbc9d]" started-at="2022-05-16T20:27:13 PDT" name="beforeTest" finished-at="2022-05-16T20:27:13 PDT" duration-ms="1" status="PASS">
          <reporter-output>
          </reporter-output>
        </test-method> <!-- beforeTest -->
        <test-method is-config="true" signature="beforeClass()[pri:0, instance:com.testNG.testNgAmazon@6adbc9d]" started-at="2022-05-16T20:27:13 PDT" name="beforeClass" finished-at="2022-05-16T20:27:13 PDT" duration-ms="1" status="PASS">
          <reporter-output>
          </reporter-output>
        </test-method> <!-- beforeClass -->
        <test-method is-config="true" signature="beforeMethod()[pri:0, instance:com.testNG.testNgAmazon@6adbc9d]" started-at="2022-05-16T20:27:13 PDT" name="beforeMethod" finished-at="2022-05-16T20:27:13 PDT" duration-ms="1" status="PASS">
          <reporter-output>
          </reporter-output>
        </test-method> <!-- beforeMethod -->
        <test-method signature="testAmazon()[pri:0, instance:com.testNG.testNgAmazon@6adbc9d]" started-at="2022-05-16T20:27:13 PDT" name="testAmazon" finished-at="2022-05-16T20:27:21 PDT" duration-ms="7895" status="PASS">
          <reporter-output>
          </reporter-output>
        </test-method> <!-- testAmazon -->
        <test-method is-config="true" signature="afterMethod()[pri:0, instance:com.testNG.testNgAmazon@6adbc9d]" started-at="2022-05-16T20:27:21 PDT" name="afterMethod" finished-at="2022-05-16T20:27:21 PDT" duration-ms="1" status="PASS">
          <reporter-output>
          </reporter-output>
        </test-method> <!-- afterMethod -->
        <test-method is-config="true" signature="afterClass()[pri:0, instance:com.testNG.testNgAmazon@6adbc9d]" started-at="2022-05-16T20:27:21 PDT" name="afterClass" finished-at="2022-05-16T20:27:21 PDT" duration-ms="1" status="PASS">
          <reporter-output>
          </reporter-output>
        </test-method> <!-- afterClass -->
        <test-method is-config="true" signature="afterTest()[pri:0, instance:com.testNG.testNgAmazon@6adbc9d]" started-at="2022-05-16T20:27:21 PDT" name="afterTest" finished-at="2022-05-16T20:27:21 PDT" duration-ms="0" status="PASS">
          <reporter-output>
          </reporter-output>
        </test-method> <!-- afterTest -->
        <test-method is-config="true" signature="afterSuite()[pri:0, instance:com.testNG.testNgAmazon@6adbc9d]" started-at="2022-05-16T20:27:21 PDT" name="afterSuite" finished-at="2022-05-16T20:27:21 PDT" duration-ms="0" status="PASS">
          <reporter-output>
          </reporter-output>
        </test-method> <!-- afterSuite -->
      </class> <!-- com.testNG.testNgAmazon -->
    </test> <!-- Default test -->
  </suite> <!-- Default suite -->
</testng-results>
